<?xml version="1.0" encoding="UTF-8"?>
<!-- Generated by org.testng.reporters.JUnitReportReporter -->
<testsuite hostname="DESKTOP-QV9LEON" failures="0" tests="1" name="testCaseRepo.TC_006" time="78.537" errors="0" timestamp="2025-03-22T15:29:55 IST" skipped="0">
  <testcase classname="testCaseRepo.TC_006" name="Con_002" time="78.537">
    <system-out>
      <![CDATA[Con_002->On Test Start
Con_002->On Test Success]]>
    </system-out>
  </testcase> <!-- Con_002 -->
  <system-out>
    <![CDATA[Con_001->On Test Start
LE_002->On Test Start
LE_001->On Test Start
Con_002->On Test Start
Con_002->On Test Start
LE_001->On Test failure
Con_002->On Test Success
LE_002->On Test Success
Con_002->On Test Success
Con_001->On Test Success]]>
  </system-out>
</testsuite> <!-- testCaseRepo.TC_006 -->
