<?xml version="1.0" encoding="UTF-8"?>
<!-- Generated by org.testng.reporters.JUnitReportReporter -->
<testsuite hostname="DESKTOP-QV9LEON" failures="0" tests="5" name="seleniumsection3.TestNGPractice2" time="0.034" errors="0" timestamp="2025-03-14T12:00:48 IST" skipped="0">
  <testcase classname="seleniumsection3.TestNGPractice2" name="createUser" time="0.004"/>
  <testcase classname="seleniumsection3.TestNGPractice2" name="createUser" time="0.003"/>
  <testcase classname="seleniumsection3.TestNGPractice2" name="createUser" time="0.018"/>
  <testcase classname="seleniumsection3.TestNGPractice2" name="modifyUser" time="0.004"/>
  <testcase classname="seleniumsection3.TestNGPractice2" name="deleteUser" time="0.005"/>
</testsuite> <!-- seleniumsection3.TestNGPractice2 -->
