<?xml version="1.0" encoding="UTF-8"?>
<!-- Generated by org.testng.reporters.JUnitReportReporter -->
<testsuite hostname="DESKTOP-QV9LEON" failures="0" tests="2" name="testCaseRepo.TC_001" time="27.110" errors="0" timestamp="2025-03-26T15:26:20 IST" skipped="0">
  <testcase classname="testCaseRepo.TC_001" name="LE_001" time="17.936">
    <system-out>
      <![CDATA[LE_001->On Test Start
LE_001->On Test Success]]>
    </system-out>
  </testcase> <!-- LE_001 -->
  <testcase classname="testCaseRepo.TC_001" name="demo" time="9.174">
    <system-out>
      <![CDATA[demo->On Test Start
demo->On Test Success]]>
    </system-out>
  </testcase> <!-- demo -->
  <system-out>
    <![CDATA[LE_001->On Test Start
LE_001->On Test Success
demo->On Test Start
demo->On Test Success]]>
  </system-out>
</testsuite> <!-- testCaseRepo.TC_001 -->
