<?xml version="1.0" encoding="UTF-8"?>
<!-- Generated by org.testng.reporters.JUnitReportReporter -->
<testsuite hostname="DESKTOP-QV9LEON" failures="0" tests="3" name="seleniumsection3.TestNGPractice" time="0.028" errors="0" timestamp="2025-03-14T11:52:05 IST" skipped="0">
  <testcase classname="seleniumsection3.TestNGPractice" name="createUser" time="0.018"/>
  <testcase classname="seleniumsection3.TestNGPractice" name="modifyUser" time="0.006"/>
  <testcase classname="seleniumsection3.TestNGPractice" name="deleteUser" time="0.004"/>
</testsuite> <!-- seleniumsection3.TestNGPractice -->
