<?xml version="1.0" encoding="UTF-8"?>
<!-- Generated by org.testng.reporters.JUnitReportReporter -->
<testsuite hostname="DESKTOP-QV9LEON" failures="0" tests="1" name="testCaseRepo.TC_003" time="23.340" errors="0" timestamp="2025-03-22T14:21:07 IST" skipped="0">
  <testcase classname="testCaseRepo.TC_003" name="LE_003" time="23.340">
    <system-out>
      <![CDATA[LE_003->On Test Start
LE_003->On Test Success]]>
    </system-out>
  </testcase> <!-- LE_003 -->
  <system-out>
    <![CDATA[LE_003->On Test Start
LE_003->On Test Success
LE_001->On Test Start
LE_001->On Test failure
Con_002->On Test Start
Con_002->On Test Success]]>
  </system-out>
</testsuite> <!-- testCaseRepo.TC_003 -->
