<?xml version="1.0" encoding="UTF-8"?>
<!-- Generated by org.testng.reporters.JUnitReportReporter -->
<testsuite hostname="DESKTOP-QV9LEON" failures="0" tests="3" name="seleniumsection3.TestNGPractice" time="0.013" errors="0" timestamp="2025-03-26T14:31:24 IST" skipped="0">
  <testcase classname="seleniumsection3.TestNGPractice" name="createUser" time="0.012"/>
  <testcase classname="seleniumsection3.TestNGPractice" name="modifyUser" time="0.000"/>
  <testcase classname="seleniumsection3.TestNGPractice" name="deleteUser" time="0.001"/>
</testsuite> <!-- seleniumsection3.TestNGPractice -->
