<?xml version="1.0" encoding="UTF-8"?>
<!-- Generated by org.testng.reporters.JUnitReportReporter -->
<testsuite hostname="DESKTOP-QV9LEON" failures="0" tests="1" name="testCaseRepo.TC_002" time="144.779" errors="0" timestamp="2025-03-27T14:52:13 IST" skipped="0">
  <testcase classname="testCaseRepo.TC_002" name="LE_002" time="144.779">
    <system-out>
      <![CDATA[LE_002->On Test Start
LE_002->On Test Success]]>
    </system-out>
  </testcase> <!-- LE_002 -->
  <system-out>
    <![CDATA[Con_002->On Test Start
LE_002->On Test Start
LE_001->On Test Start
Con_002->On Test failure
Con_001->On Test Start
Con_002->On Test Start
Con_001->On Test Success
LE_002->On Test Success
LE_001->On Test Success
demo->On Test Start
demo->On Test Success
Con_002->On Test Success]]>
  </system-out>
</testsuite> <!-- testCaseRepo.TC_002 -->
