<?xml version="1.0" encoding="UTF-8"?>
<!-- Generated by org.testng.reporters.JUnitReportReporter -->
<testsuite hostname="DESKTOP-QV9LEON" failures="0" tests="1" name="testCaseRepo.TC_004" time="134.297" errors="0" timestamp="2025-03-27T14:52:13 IST" skipped="0">
  <testcase classname="testCaseRepo.TC_004" name="Con_001" time="134.297">
    <system-out>
      <![CDATA[Con_001->On Test Start
Con_001->On Test Success]]>
    </system-out>
  </testcase> <!-- Con_001 -->
  <system-out>
    <![CDATA[Con_002->On Test Start
LE_002->On Test Start
LE_001->On Test Start
Con_002->On Test failure
Con_001->On Test Start
Con_002->On Test Start
Con_001->On Test Success
LE_002->On Test Success
LE_001->On Test Success
demo->On Test Start
demo->On Test Success
Con_002->On Test Success]]>
  </system-out>
</testsuite> <!-- testCaseRepo.TC_004 -->
