<?xml version="1.0" encoding="UTF-8"?>
<!-- Generated by org.testng.reporters.JUnitReportReporter -->
<testsuite hostname="DESKTOP-QV9LEON" failures="0" tests="2" name="testCaseRepo.TC_001" time="166.617" errors="0" timestamp="2025-03-27T14:52:13 IST" skipped="0">
  <testcase classname="testCaseRepo.TC_001" name="LE_001" time="136.910">
    <system-out>
      <![CDATA[LE_001->On Test Start
LE_001->On Test Success]]>
    </system-out>
  </testcase> <!-- LE_001 -->
  <testcase classname="testCaseRepo.TC_001" name="demo" time="29.707">
    <system-out>
      <![CDATA[demo->On Test Start
demo->On Test Success]]>
    </system-out>
  </testcase> <!-- demo -->
  <system-out>
    <![CDATA[Con_002->On Test Start
LE_002->On Test Start
LE_001->On Test Start
Con_002->On Test failure
Con_001->On Test Start
Con_002->On Test Start
Con_001->On Test Success
LE_002->On Test Success
LE_001->On Test Success
demo->On Test Start
demo->On Test Success
Con_002->On Test Success]]>
  </system-out>
</testsuite> <!-- testCaseRepo.TC_001 -->
